This is LuaTeX, Version beta-0.80.0 (TeX Live 2015/Debian) (rev 5238)  (format=lualatex 2018.12.11)  18 DEC 2018 23:03
 restricted \write18 enabled.
**awesome-cv.tex
(./awesome-cv.tex
LaTeX2e <2016/02/01>
Babel <3.9q> and hyphenation patterns for 1 language(s) loaded.
(./awesome-source-cv.cls
Document Class: awesome-source-cv 2016/11/05 v1.6.1 Awesome Source CV Class
(/usr/share/texlive/texmf-dist/tex/latex/base/article.cls
Document Class: article 2014/09/29 v1.4h Standard LaTeX document class
(/usr/share/texlive/texmf-dist/tex/latex/base/size10.clo
File: size10.clo 2014/09/29 v1.4h Standard LaTeX file (size option)
)
\c@part=\count79
\c@section=\count80
\c@subsection=\count81
\c@subsubsection=\count82
\c@paragraph=\count83
\c@subparagraph=\count84
\c@figure=\count85
\c@table=\count86
\abovecaptionskip=\skip41
\belowcaptionskip=\skip42
\bibindent=\dimen102
)
(/usr/share/texlive/texmf-dist/tex/generic/babel/babel.sty
Package: babel 2016/02/24 3.9q The Babel package

(/usr/share/texlive/texmf-dist/tex/generic/babel/luababel.def
\l@dumylang=\language1
\l@nohyphenation=\language2
)

! Package babel Error: Unknown option `frenchb'. Either you misspelled it
(babel)                or the language definition file frenchb.ldf was not foun
d.

See the babel package documentation for explanation.
Type  H <return>  for immediate help.
 ...                                              
                                                  
l.310 \ProcessOptions*
                    
Valid options are: shorthands=, KeepShorthandsActive,
activeacute, activegrave, noconfigs, safe=, main=, math=
headfoot=, strings=, config=, hyphenmap=, or a language name.


! Package babel Error: You haven't specified a language option.

See the babel package documentation for explanation.
Type  H <return>  for immediate help.
 ...                                              
                                                  
l.343 ... try to proceed from here, type x to quit.}
                                                  
You need to specify a language, either as a global option
or as an optional argument to the \usepackage command;
You shouldn't try to proceed from here, type x to quit.

)

! LaTeX Error: File `luainputenc.sty' not found.

Type X to quit or <RETURN> to proceed,
or enter new name. (Default extension: sty)

Enter file name: 
! Emergency stop.
<read *> 
   
l.53 \RequirePackage
                  {fontspec} 					                 % for loading fonts
*** (cannot \read from terminal in nonstop modes)



Here is how much of LuaTeX's memory you used:
 347 strings out of 495004
 100000,89155 words of node,token memory allocated 235 words of node memory still in use:
   1 hlist, 1 rule, 38 glue_spec, 1 write, 1 dir nodes
   avail lists: 2:12,3:1,4:2,6:2,9:3
 3991 multiletter control sequences out of 65536+600000
 15 fonts using 601983 bytes
 29i,0n,20p,163b,37s stack positions out of 5000i,500n,10000p,200000b,100000s
!  ==> Fatal error occurred, no output PDF file produced!
